C:\Program Files (x86)\Microsoft Visual Studio\2017\Community\Common7\IDE\VC\VCTargets\Microsoft.CppBuild.targets(387,5): warning MSB8028: The intermediate directory (Release\) contains files shared from another project (Apalaktikh.vcxproj, GeoLab_06-3D.vcxproj).  This can lead to incorrect clean and rebuild behavior.
  SceneMesh3D.cpp
..\src\SceneMesh3D.cpp(1): error C2018: unknown character '0x60'
..\src\SceneMesh3D.cpp(1): error C2014: preprocessor command must start as first nonwhite space
..\src\SceneMesh3D.cpp(4): error C2871: 'vvr': a namespace with this name does not exist
..\src\SceneMesh3D.cpp(7): error C2653: 'Mesh3DScene': is not a class or namespace name
..\src\SceneMesh3D.cpp(8): error C4430: missing type specifier - int assumed. Note: C++ does not support default-int
..\src\SceneMesh3D.cpp(10): error C2065: 'm_bg_col': undeclared identifier
..\src\SceneMesh3D.cpp(10): error C2653: 'vvr': is not a class or namespace name
..\src\SceneMesh3D.cpp(10): error C2065: 'grey': undeclared identifier
..\src\SceneMesh3D.cpp(11): error C2065: 'm_perspective_proj': undeclared identifier
..\src\SceneMesh3D.cpp(12): error C2065: 'm_hide_log': undeclared identifier
..\src\SceneMesh3D.cpp(13): error C2065: 'm_hide_sliders': undeclared identifier
..\src\SceneMesh3D.cpp(14): error C2065: 'm_fullscreen': undeclared identifier
..\src\SceneMesh3D.cpp(18): error C2653: 'vvr': is not a class or namespace name
..\src\SceneMesh3D.cpp(18): error C2065: 'DEF_LINE_WIDTH': undeclared identifier
..\src\SceneMesh3D.cpp(19): error C2653: 'vvr': is not a class or namespace name
..\src\SceneMesh3D.cpp(19): error C2065: 'DEF_POINT_SIZE': undeclared identifier
..\src\SceneMesh3D.cpp(20): error C2065: 'm_perspective_proj': undeclared identifier
..\src\SceneMesh3D.cpp(21): error C2065: 'm_bg_col': undeclared identifier
..\src\SceneMesh3D.cpp(21): error C3861: 'Colour': identifier not found
..\src\SceneMesh3D.cpp(22): error C2065: 'm_obj_col': undeclared identifier
..\src\SceneMesh3D.cpp(22): error C3861: 'Colour': identifier not found
..\src\SceneMesh3D.cpp(23): error C4430: missing type specifier - int assumed. Note: C++ does not support default-int
..\src\SceneMesh3D.cpp(23): error C2146: syntax error: missing ';' before identifier 'objDir'
..\src\SceneMesh3D.cpp(23): error C2065: 'objDir': undeclared identifier
..\src\SceneMesh3D.cpp(23): error C3861: 'getBasePath': identifier not found
..\src\SceneMesh3D.cpp(24): error C4430: missing type specifier - int assumed. Note: C++ does not support default-int
..\src\SceneMesh3D.cpp(24): error C2086: 'const int string': redefinition
  ..\src\SceneMesh3D.cpp(23): note: see declaration of 'string'
..\src\SceneMesh3D.cpp(24): error C2146: syntax error: missing ';' before identifier 'objFile'
..\src\SceneMesh3D.cpp(24): error C2065: 'objFile': undeclared identifier
..\src\SceneMesh3D.cpp(24): error C2065: 'objDir': undeclared identifier
..\src\SceneMesh3D.cpp(25): error C2065: 'm_model_original': undeclared identifier
..\src\SceneMesh3D.cpp(25): error C2653: 'vvr': is not a class or namespace name
..\src\SceneMesh3D.cpp(25): error C2065: 'objFile': undeclared identifier
..\src\SceneMesh3D.cpp(25): error C3861: 'Mesh': identifier not found
..\src\SceneMesh3D.cpp(26): error C3861: 'reset': identifier not found
..\src\SceneMesh3D.cpp(27): warning C4508: 'Mesh3DScene': function should return a value; 'void' return type assumed
..\src\SceneMesh3D.cpp(29): error C2653: 'Mesh3DScene': is not a class or namespace name
..\src\SceneMesh3D.cpp(30): error C2039: 'cout': is not a member of 'std'
  predefined C++ types (compiler internal)(238): note: see declaration of 'std'
..\src\SceneMesh3D.cpp(30): error C2065: 'cout': undeclared identifier
..\src\SceneMesh3D.cpp(31): error C2039: 'endl': is not a member of 'std'
  predefined C++ types (compiler internal)(238): note: see declaration of 'std'
..\src\SceneMesh3D.cpp(31): error C2065: 'endl': undeclared identifier
..\src\SceneMesh3D.cpp(32): error C2039: 'endl': is not a member of 'std'
  predefined C++ types (compiler internal)(238): note: see declaration of 'std'
..\src\SceneMesh3D.cpp(32): error C2065: 'endl': undeclared identifier
..\src\SceneMesh3D.cpp(33): error C2039: 'endl': is not a member of 'std'
  predefined C++ types (compiler internal)(238): note: see declaration of 'std'
..\src\SceneMesh3D.cpp(33): error C2065: 'endl': undeclared identifier
..\src\SceneMesh3D.cpp(34): error C2039: 'endl': is not a member of 'std'
  predefined C++ types (compiler internal)(238): note: see declaration of 'std'
..\src\SceneMesh3D.cpp(34): error C2065: 'endl': undeclared identifier
..\src\SceneMesh3D.cpp(35): error C2039: 'endl': is not a member of 'std'
  predefined C++ types (compiler internal)(238): note: see declaration of 'std'
..\src\SceneMesh3D.cpp(35): error C2065: 'endl': undeclared identifier
..\src\SceneMesh3D.cpp(36): error C2039: 'endl': is not a member of 'std'
  predefined C++ types (compiler internal)(238): note: see declaration of 'std'
..\src\SceneMesh3D.cpp(36): error C2065: 'endl': undeclared identifier
..\src\SceneMesh3D.cpp(37): error C2039: 'endl': is not a member of 'std'
  predefined C++ types (compiler internal)(238): note: see declaration of 'std'
..\src\SceneMesh3D.cpp(37): error C2065: 'endl': undeclared identifier
..\src\SceneMesh3D.cpp(38): error C2039: 'endl': is not a member of 'std'
  predefined C++ types (compiler internal)(238): note: see declaration of 'std'
..\src\SceneMesh3D.cpp(38): error C2065: 'endl': undeclared identifier
..\src\SceneMesh3D.cpp(39): error C2039: 'endl': is not a member of 'std'
  predefined C++ types (compiler internal)(238): note: see declaration of 'std'
..\src\SceneMesh3D.cpp(39): error C2065: 'endl': undeclared identifier
..\src\SceneMesh3D.cpp(40): error C2039: 'endl': is not a member of 'std'
  predefined C++ types (compiler internal)(238): note: see declaration of 'std'
..\src\SceneMesh3D.cpp(40): error C2065: 'endl': undeclared identifier
..\src\SceneMesh3D.cpp(41): error C2039: 'endl': is not a member of 'std'
  predefined C++ types (compiler internal)(238): note: see declaration of 'std'
..\src\SceneMesh3D.cpp(41): error C2065: 'endl': undeclared identifier
..\src\SceneMesh3D.cpp(42): error C2039: 'endl': is not a member of 'std'
  predefined C++ types (compiler internal)(238): note: see declaration of 'std'
..\src\SceneMesh3D.cpp(42): error C2065: 'endl': undeclared identifier
..\src\SceneMesh3D.cpp(43): error C2039: 'endl': is not a member of 'std'
  predefined C++ types (compiler internal)(238): note: see declaration of 'std'
..\src\SceneMesh3D.cpp(43): error C2065: 'endl': undeclared identifier
..\src\SceneMesh3D.cpp(44): error C2039: 'endl': is not a member of 'std'
  predefined C++ types (compiler internal)(238): note: see declaration of 'std'
..\src\SceneMesh3D.cpp(44): error C2065: 'endl': undeclared identifier
..\src\SceneMesh3D.cpp(50): error C2653: 'Mesh3DScene': is not a class or namespace name
..\src\SceneMesh3D.cpp(52): error C2653: 'Scene': is not a class or namespace name
..\src\SceneMesh3D.cpp(55): error C2065: 'm_plane_d': undeclared identifier
..\src\SceneMesh3D.cpp(56): error C2065: 'm_plane': undeclared identifier
..\src\SceneMesh3D.cpp(56): error C3861: 'vec': identifier not found
..\src\SceneMesh3D.cpp(56): error C2228: left of '.Normalized' must have class/struct/union
  ..\src\SceneMesh3D.cpp(56): note: type is 'unknown-type'
..\src\SceneMesh3D.cpp(56): error C2065: 'm_plane_d': undeclared identifier
..\src\SceneMesh3D.cpp(56): error C3861: 'Plane': identifier not found
..\src\SceneMesh3D.cpp(59): error C2065: 'm_style_flag': undeclared identifier
..\src\SceneMesh3D.cpp(70): error C2065: 'm_style_flag': undeclared identifier
..\src\SceneMesh3D.cpp(70): error C2065: 'FLAG_SHOW_SOLID': undeclared identifier
..\src\SceneMesh3D.cpp(71): error C2065: 'm_style_flag': undeclared identifier
..\src\SceneMesh3D.cpp(71): error C2065: 'FLAG_SHOW_SOLID': undeclared identifier
..\src\SceneMesh3D.cpp(72): error C2065: 'm_style_flag': undeclared identifier
..\src\SceneMesh3D.cpp(72): error C2065: 'FLAG_SHOW_WIRE': undeclared identifier
..\src\SceneMesh3D.cpp(73): error C2065: 'm_style_flag': undeclared identifier
..\src\SceneMesh3D.cpp(73): error C2065: 'FLAG_SHOW_AXES': undeclared identifier
..\src\SceneMesh3D.cpp(74): error C2065: 'm_style_flag': undeclared identifier
..\src\SceneMesh3D.cpp(74): error C2065: 'FLAG_SHOW_AABB': undeclared identifier
..\src\SceneMesh3D.cpp(78): error C2653: 'Mesh3DScene': is not a class or namespace name
..\src\SceneMesh3D.cpp(87): error C2065: 'm_model_original': undeclared identifier
..\src\SceneMesh3D.cpp(87): error C2228: left of '.setBigSize' must have class/struct/union
  ..\src\SceneMesh3D.cpp(87): note: type is 'unknown-type'
..\src\SceneMesh3D.cpp(87): error C3861: 'getSceneWidth': identifier not found
..\src\SceneMesh3D.cpp(88): error C2065: 'm_model_original': undeclared identifier
..\src\SceneMesh3D.cpp(88): error C2228: left of '.update' must have class/struct/union
  ..\src\SceneMesh3D.cpp(88): note: type is 'unknown-type'
..\src\SceneMesh3D.cpp(89): error C2065: 'm_model': undeclared identifier
..\src\SceneMesh3D.cpp(89): error C2065: 'm_model_original': undeclared identifier
..\src\SceneMesh3D.cpp(90): error C3861: 'Tasks': identifier not found
..\src\SceneMesh3D.cpp(95): error C2653: 'Mesh3DScene': is not a class or namespace name
..\src\SceneMesh3D.cpp(98): error C2065: 'm_model_original': undeclared identifier
..\src\SceneMesh3D.cpp(98): error C2065: 'm_model': undeclared identifier
..\src\SceneMesh3D.cpp(99): error C2065: 'Ray': undeclared identifier
..\src\SceneMesh3D.cpp(99): error C2146: syntax error: missing ';' before identifier 'voh'
..\src\SceneMesh3D.cpp(99): error C2065: 'voh': undeclared identifier
..\src\SceneMesh3D.cpp(99): error C2653: 'Scene': is not a class or namespace name
..\src\SceneMesh3D.cpp(99): error C2065: 'm_center_mass': undeclared identifier
..\src\SceneMesh3D.cpp(99): error C2228: left of '.x' must have class/struct/union
  ..\src\SceneMesh3D.cpp(99): note: type is 'unknown-type'
..\src\SceneMesh3D.cpp(99): error C2228: left of '.y' must have class/struct/union
..\src\SceneMesh3D.cpp(99): fatal error C1003: error count exceeds 100; stopping compilation
